Thu Dec 26 11:15:35 IST 2019
Installation of packages is started.
Installation of packages is Done.

 Thu, 26 Dec 2019 05:54:34  Online setup is started.E: Package 'google-chrome-stable' has no installation candidate
[1mdpkg:[0m dependency problems prevent configuration of teamviewer:i386:
 teamviewer:i386 depends on libc6 (>= 2.11).
 teamviewer:i386 depends on libgcc1.
 teamviewer:i386 depends on libasound2.
 teamviewer:i386 depends on libdbus-1-3.
 teamviewer:i386 depends on libexpat1.
 teamviewer:i386 depends on libfontconfig1.
 teamviewer:i386 depends on libfreetype6.
 teamviewer:i386 depends on libjpeg62.
 teamviewer:i386 depends on libsm6.
 teamviewer:i386 depends on libxdamage1.
 teamviewer:i386 depends on libxext6.
 teamviewer:i386 depends on libxfixes3.
 teamviewer:i386 depends on libxinerama1.
 teamviewer:i386 depends on libxrandr2.
 teamviewer:i386 depends on libxrender1.
 teamviewer:i386 depends on libxtst6.
 teamviewer:i386 depends on zlib1g.

[1mdpkg:[0m error processing package teamviewer:i386 (--install):
 dependency problems - leaving unconfigured
Errors were encountered while processing:
 teamviewer:i386
The directory '/home/kolibri/.cache/pip/http' or its parent directory is not owned by the current user and the cache has been disabled. Please check the permissions and owner of that directory. If executing pip with sudo, you may want sudo's -H flag.
The directory '/home/kolibri/.cache/pip' or its parent directory is not owned by the current user and caching wheels has been disabled. check the permissions and owner of that directory. If executing pip with sudo, you may want sudo's -H flag.

 Thu, 26 Dec 2019 05:59:54  Online setup is started.E: Could not get lock /var/lib/dpkg/lock-frontend - open (11: Resource temporarily unavailable)
E: Unable to acquire the dpkg frontend lock (/var/lib/dpkg/lock-frontend), is another process using it?
[1mdpkg:[0m [1;31merror:[0m dpkg frontend is locked by another process
E: Could not get lock /var/lib/dpkg/lock-frontend - open (11: Resource temporarily unavailable)
E: Unable to acquire the dpkg frontend lock (/var/lib/dpkg/lock-frontend), is another process using it?
E: Could not get lock /var/lib/dpkg/lock-frontend - open (11: Resource temporarily unavailable)
E: Unable to acquire the dpkg frontend lock (/var/lib/dpkg/lock-frontend), is another process using it?
The directory '/home/kolibri/.cache/pip/http' or its parent directory is not owned by the current user and the cache has been disabled. Please check the permissions and owner of that directory. If executing pip with sudo, you may want sudo's -H flag.
The directory '/home/kolibri/.cache/pip' or its parent directory is not owned by the current user and caching wheels has been disabled. check the permissions and owner of that directory. If executing pip with sudo, you may want sudo's -H flag.
E: Could not get lock /var/lib/dpkg/lock-frontend - open (11: Resource temporarily unavailable)
E: Unable to acquire the dpkg frontend lock (/var/lib/dpkg/lock-frontend), is another process using it?
E: Could not get lock /var/lib/dpkg/lock-frontend - open (11: Resource temporarily unavailable)
E: Unable to acquire the dpkg frontend lock (/var/lib/dpkg/lock-frontend), is another process using it?
Online setup Done

 Thu, 26 Dec 2019 06:07:07  Online setup is started.E: dpkg was interrupted, you must manually run 'sudo dpkg --configure -a' to correct the problem. 
W: APT had planned for dpkg to do more than it reported back (0 vs 4).
   Affected packages: kolibri:amd64
The directory '/home/kolibri/.cache/pip/http' or its parent directory is not owned by the current user and the cache has been disabled. Please check the permissions and owner of that directory. If executing pip with sudo, you may want sudo's -H flag.
The directory '/home/kolibri/.cache/pip' or its parent directory is not owned by the current user and caching wheels has been disabled. check the permissions and owner of that directory. If executing pip with sudo, you may want sudo's -H flag.
cp: cannot create regular file '/home/kolibri/Desktop/platform.sh': Operation not permitted
chmod: changing permissions of '/home/kolibri/Desktop/platform.sh': Operation not permitted
cp: cannot create regular file '/home/kolibri/Desktop/script_sync.sh': Operation not permitted
chmod: changing permissions of '/home/kolibri/Desktop/script_sync.sh': Operation not permitted
Online setup Done

 Thu, 26 Dec 2019 06:48:38  Online setup is started.The directory '/home/kolibri/.cache/pip/http' or its parent directory is not owned by the current user and the cache has been disabled. Please check the permissions and owner of that directory. If executing pip with sudo, you may want sudo's -H flag.
The directory '/home/kolibri/.cache/pip' or its parent directory is not owned by the current user and caching wheels has been disabled. check the permissions and owner of that directory. If executing pip with sudo, you may want sudo's -H flag.
cp: cannot create regular file '/home/kolibri/Desktop/platform.sh': Operation not permitted
chmod: changing permissions of '/home/kolibri/Desktop/platform.sh': Operation not permitted
cp: cannot create regular file '/home/kolibri/Desktop/script_sync.sh': Operation not permitted
chmod: changing permissions of '/home/kolibri/Desktop/script_sync.sh': Operation not permitted
Online setup Done

 Thu, 26 Dec 2019 06:53:30  Hotspot setup is started.E: Unable to locate package kolibri-hotspot
Hotspot setup done 

 Thu, 26 Dec 2019 06:55:35  Hotspot setup is started.
 Thu, 26 Dec 2019 06:57:41  Hotspot setup is started.Hotspot setup done 

 Thu, 26 Dec 2019 06:59:19  Hotspot setup is started.Hotspot setup done 

 Thu, 26 Dec 2019 07:13:54  Hotspot setup is started.
 Thu, 26 Dec 2019 07:14:16  Hotspot setup is started.Hotspot setup done 

 Thu, 26 Dec 2019 08:18:39  Hotspot setup is started.Hotspot setup done 
